<?xml version="1.0" encoding="UTF-8"?>
<!-- Generated by org.testng.reporters.JUnitReportReporter -->
<testsuite skipped="0" hostname="md1y90cc" name="com.linux.connection.JSchExampleSSHConnection" tests="1" failures="0" timestamp="09 Oct 2019 10:22:55 GMT" time="152.378" errors="0">
  <testcase name="run" time="152.378" classname="com.linux.connection.JSchExampleSSHConnection"/>
</testsuite> <!-- com.linux.connection.JSchExampleSSHConnection -->
