<?xml version="1.0" encoding="UTF-8"?>
<!-- Generated by org.testng.reporters.JUnitReportReporter -->
<testsuite skipped="0" hostname="md1y90cc" name="com.linux.connection.JSchExampleSSHConnection" tests="1" failures="0" timestamp="10 Oct 2019 09:47:20 GMT" time="21.047" errors="0">
  <testcase name="run" time="21.047" classname="com.linux.connection.JSchExampleSSHConnection"/>
</testsuite> <!-- com.linux.connection.JSchExampleSSHConnection -->
