<?xml version="1.0" encoding="UTF-8"?>
<!-- Generated by org.testng.reporters.JUnitReportReporter -->
<testsuite skipped="0" hostname="md1y90cc" name="com.linux.connection.JSchExampleSSHConnection" tests="1" failures="0" timestamp="10 Oct 2019 05:12:44 GMT" time="149.197" errors="0">
  <testcase name="run" time="149.197" classname="com.linux.connection.JSchExampleSSHConnection"/>
</testsuite> <!-- com.linux.connection.JSchExampleSSHConnection -->
