<?xml version="1.0" encoding="UTF-8"?>
<!-- Generated by org.testng.reporters.JUnitReportReporter -->
<testsuite skipped="0" hostname="md1y90cc" name="com.linux.connection.JSchExampleSSHConnection" tests="1" failures="0" timestamp="10 Oct 2019 06:01:45 GMT" time="262.195" errors="0">
  <testcase name="run" time="262.195" classname="com.linux.connection.JSchExampleSSHConnection"/>
</testsuite> <!-- com.linux.connection.JSchExampleSSHConnection -->
