<?xml version="1.0" encoding="UTF-8"?>
<!-- Generated by org.testng.reporters.JUnitReportReporter -->
<testsuite skipped="0" hostname="md1y90cc" name="com.linux.connection.JSchExampleSSHConnection2" tests="1" failures="0" timestamp="10 Oct 2019 06:20:59 GMT" time="11.761" errors="0">
  <testcase name="run" time="11.761" classname="com.linux.connection.JSchExampleSSHConnection2"/>
</testsuite> <!-- com.linux.connection.JSchExampleSSHConnection2 -->
